<?xml version="1.0" encoding="UTF-8"?>
<testsuite name="org.wrapper.JmesWrapperTest" tests="4" skipped="0" failures="0" errors="0" timestamp="2016-06-01T19:40:20" hostname="C02MJ85JFD57" time="1.266">
  <properties/>
  <testcase name="jsonTest" classname="org.wrapper.JmesWrapperTest" time="0.857"/>
  <testcase name="functionTest" classname="org.wrapper.JmesWrapperTest" time="0.207"/>
  <testcase name="stringJsonTest" classname="org.wrapper.JmesWrapperTest" time="0.155"/>
  <testcase name="invalidJsonTest" classname="org.wrapper.JmesWrapperTest" time="0.046"/>
  <system-out><![CDATA[JSON DATA:{"foo":{"bar":{"baz":[0,1,2,3,4]}}}
Search Query:jmespath.search({"foo":{"bar":{"baz":[0,1,2,3,4]}}},'foo.bar.baz[2]')
Search Query:jmespath.search({"people": [{"name" : "b","age" : 30},{"name" : "c","age" : 30},{"name" : "d","age" : 30}]},'length(people)')
Search Query:jmespath.search({"foo": {"bar": {"baz": [0, 1, 2, 3, 4]}}},'foo.bar.baz[2]')
]]></system-out>
  <system-err><![CDATA[]]></system-err>
</testsuite>
